Application/build/outputs/mapping/release/seeds.txt
com.senter.demo.uhf.Activity0ModuleSelection
com.senter.demo.uhf.Activity0ModuleSelection: Activity0ModuleSelection()
com.senter.demo.uhf.App
com.senter.demo.uhf.App: App()
com.senter.demo.uhf.R$array: int E2DestOpTypes
com.senter.demo.uhf.R$array: int E2FrequencyMode
com.senter.demo.uhf.R$array: int E2HopMode
com.senter.demo.uhf.R$array: int E2PureNum1_16
com.senter.demo.uhf.R$array: int SelectRecordAction
com.senter.demo.uhf.R$array: int SelectRecordIndexes
com.senter.demo.uhf.R$array: int SelectRecordTarget
com.senter.demo.uhf.R$array: int Sessions_S0S1S2S3
com.senter.demo.uhf.R$array: int banksStrings
com.senter.demo.uhf.R$array: int idArray1To8
com.senter.demo.uhf.R$array: int interrogatord_lockfields
com.senter.demo.uhf.R$array: int lockPayloadValues
com.senter.demo.uhf.R$array: int mainOperations
com.senter.demo.uhf.R$array: int mainOptionTypes
com.senter.demo.uhf.R$array: int strsAlgorithmStaticDynamic
com.senter.demo.uhf.R$array: int strsEnableAndDisenable
com.senter.demo.uhf.R$array: int strsQ0_Q15
com.senter.demo.uhf.R$array: int strsS0S1S2S3
com.senter.demo.uhf.R$array: int strsUnrevertRevert
com.senter.demo.uhf.R$attr: int debugDraw
com.senter.demo.uhf.R$attr: int horizontalSpacing
com.senter.demo.uhf.R$attr: int layout_horizontalSpacing
com.senter.demo.uhf.R$attr: int layout_newLine
com.senter.demo.uhf.R$attr: int layout_verticalSpacing
com.senter.demo.uhf.R$attr: int orientation
com.senter.demo.uhf.R$attr: int verticalSpacing
com.senter.demo.uhf.R$color: int aliceblue
com.senter.demo.uhf.R$color: int antiquewhite
com.senter.demo.uhf.R$color: int aqua
com.senter.demo.uhf.R$color: int aquamarine
com.senter.demo.uhf.R$color: int azure
com.senter.demo.uhf.R$color: int beige
com.senter.demo.uhf.R$color: int bisque
com.senter.demo.uhf.R$color: int black
com.senter.demo.uhf.R$color: int blanchedalmond
com.senter.demo.uhf.R$color: int blue
com.senter.demo.uhf.R$color: int blueviolet
com.senter.demo.uhf.R$color: int brown
com.senter.demo.uhf.R$color: int burlywood
com.senter.demo.uhf.R$color: int cadetblue
com.senter.demo.uhf.R$color: int chartreuse
com.senter.demo.uhf.R$color: int chocolate
com.senter.demo.uhf.R$color: int coral
com.senter.demo.uhf.R$color: int cornflowerblue
com.senter.demo.uhf.R$color: int cornsilk
com.senter.demo.uhf.R$color: int crimson
com.senter.demo.uhf.R$color: int cyan
com.senter.demo.uhf.R$color: int darkblue
com.senter.demo.uhf.R$color: int darkcyan
com.senter.demo.uhf.R$color: int darkgoldenrod
com.senter.demo.uhf.R$color: int darkgray
com.senter.demo.uhf.R$color: int darkgreen
com.senter.demo.uhf.R$color: int darkgrey
com.senter.demo.uhf.R$color: int darkkhaki
com.senter.demo.uhf.R$color: int darkmagenta
com.senter.demo.uhf.R$color: int darkolivegreen
com.senter.demo.uhf.R$color: int darkorange
com.senter.demo.uhf.R$color: int darkorchid
com.senter.demo.uhf.R$color: int darkred
com.senter.demo.uhf.R$color: int darksalmon
com.senter.demo.uhf.R$color: int darkseagreen
com.senter.demo.uhf.R$dimen: int padding_large
com.senter.demo.uhf.R$dimen: int padding_medium
com.senter.demo.uhf.R$dimen: int padding_small
com.senter.demo.uhf.R$drawable: int btn_exit_bg
com.senter.demo.uhf.R$drawable: int frame_bg
com.senter.demo.uhf.R$drawable: int icon_config
com.senter.demo.uhf.R$drawable: int icon_erase
com.senter.demo.uhf.R$drawable: int icon_find
com.senter.demo.uhf.R$drawable: int icon_kill
com.senter.demo.uhf.R$drawable: int icon_lock
com.senter.demo.uhf.R$drawable: int icon_read
com.senter.demo.uhf.R$drawable: int icon_unlock
com.senter.demo.uhf.R$drawable: int icon_wirte
com.senter.demo.uhf.R$drawable: int inventorys_border
com.senter.demo.uhf.R$drawable: int rfidicon2
...
com.senter.ki$fn$a: com.senter.ki$fn$a[] values()
com.senter.ki$fn$a: com.senter.ki$fn$a valueOf(java.lang.String)
com.senter.ki$fo$a: com.senter.ki$fo$a[] values()
com.senter.ki$fo$a: com.senter.ki$fo$a valueOf(java.lang.String)
com.senter.ki$fp$a: com.senter.ki$fp$a[] values()
com.senter.ki$fp$a: com.senter.ki$fp$a valueOf(java.lang.String)
com.senter.ki$fq$a: com.senter.ki$fq$a[] values()
com.senter.ki$fq$a: com.senter.ki$fq$a valueOf(java.lang.String)
com.senter.ki$fr$a: com.senter.ki$fr$a[] values()
com.senter.ki$fr$a: com.senter.ki$fr$a valueOf(java.lang.String)
com.senter.ki$fs$a: com.senter.ki$fs$a[] values()
com.senter.ki$fs$a: com.senter.ki$fs$a valueOf(java.lang.String)
com.senter.ki$ft$a: com.senter.ki$ft$a[] values()
com.senter.ki$ft$a: com.senter.ki$ft$a valueOf(java.lang.String)
com.senter.ki$fu$a: com.senter.ki$fu$a[] values()
com.senter.ki$fu$a: com.senter.ki$fu$a valueOf(java.lang.String)
com.senter.ki$fv$a: com.senter.ki$fv$a[] values()
com.senter.ki$fv$a: com.senter.ki$fv$a valueOf(java.lang.String)
com.senter.ki$fw$a: com.senter.ki$fw$a[] values()
com.senter.ki$fw$a: com.senter.ki$fw$a valueOf(java.lang.String)
com.senter.ki$fx$a: com.senter.ki$fx$a[] values()
com.senter.ki$fx$a: com.senter.ki$fx$a valueOf(java.lang.String)
com.senter.ki$fy$a: com.senter.ki$fy$a[] values()
com.senter.ki$fy$a: com.senter.ki$fy$a valueOf(java.lang.String)
com.senter.ki$fz$a: com.senter.ki$fz$a[] values()
com.senter.ki$fz$a: com.senter.ki$fz$a valueOf(java.lang.String)
com.senter.ki$g$a: com.senter.ki$g$a[] values()
com.senter.ki$g$a: com.senter.ki$g$a valueOf(java.lang.String)
com.senter.ki$ga$a: com.senter.ki$ga$a[] values()
com.senter.ki$ga$a: com.senter.ki$ga$a valueOf(java.lang.String)
com.senter.ki$gb$a: com.senter.ki$gb$a[] values()
com.senter.ki$gb$a: com.senter.ki$gb$a valueOf(java.lang.String)
com.senter.ki$gc$a: com.senter.ki$gc$a[] values()
com.senter.ki$gc$a: com.senter.ki$gc$a valueOf(java.lang.String)
com.senter.ki$gd$a: com.senter.ki$gd$a[] values()
com.senter.ki$gd$a: com.senter.ki$gd$a valueOf(java.lang.String)
com.senter.ki$ge$a: com.senter.ki$ge$a[] values()
com.senter.ki$ge$a: com.senter.ki$ge$a valueOf(java.lang.String)
com.senter.ki$gf$a: com.senter.ki$gf$a[] values()
com.senter.ki$gf$a: com.senter.ki$gf$a valueOf(java.lang.String)
com.senter.ki$gg$a: com.senter.ki$gg$a[] values()
com.senter.ki$gg$a: com.senter.ki$gg$a valueOf(java.lang.String)
com.senter.ki$gh$a: com.senter.ki$gh$a[] values()
com.senter.ki$gh$a: com.senter.ki$gh$a valueOf(java.lang.String)
com.senter.ki$gi$a: com.senter.ki$gi$a[] values()
com.senter.ki$gi$a: com.senter.ki$gi$a valueOf(java.lang.String)
com.senter.ki$gj$a: com.senter.ki$gj$a[] values()
com.senter.ki$gj$a: com.senter.ki$gj$a valueOf(java.lang.String)
com.senter.ki$gk$a: com.senter.ki$gk$a[] values()
com.senter.ki$gk$a: com.senter.ki$gk$a valueOf(java.lang.String)
com.senter.ki$gl$a: com.senter.ki$gl$a[] values()
com.senter.ki$gl$a: com.senter.ki$gl$a valueOf(java.lang.String)
com.senter.ki$gm$a: com.senter.ki$gm$a[] values()
com.senter.ki$gm$a: com.senter.ki$gm$a valueOf(java.lang.String)
com.senter.ki$gn$a: com.senter.ki$gn$a[] values()
com.senter.ki$gn$a: com.senter.ki$gn$a valueOf(java.lang.String)
com.senter.ki$go$a: com.senter.ki$go$a[] values()
com.senter.ki$go$a: com.senter.ki$go$a valueOf(java.lang.String)
com.senter.ki$gp$a: com.senter.ki$gp$a[] values()
com.senter.ki$gp$a: com.senter.ki$gp$a valueOf(java.lang.String)
com.senter.ki$gq$a: com.senter.ki$gq$a[] values()
com.senter.ki$gq$a: com.senter.ki$gq$a valueOf(java.lang.String)
com.senter.ki$gr$a: com.senter.ki$gr$a[] values()
com.senter.ki$gr$a: com.senter.ki$gr$a valueOf(java.lang.String)
com.senter.ki$gs$a: com.senter.ki$gs$a[] values()
com.senter.ki$gs$a: com.senter.ki$gs$a valueOf(java.lang.String)
com.senter.ki$gt$a: com.senter.ki$gt$a[] values()
com.senter.ki$gt$a: com.senter.ki$gt$a valueOf(java.lang.String)