Application/build/outputs/mapping/release/mapping.txt
com.senter.demo.uhf.Activity0ModuleSelection -> com.senter.demo.uhf.Activity0ModuleSelection:
    com.senter.demo.common.misc.ActivityHelper ah -> a
    com.senter.demo.uhf.Activity0ModuleSelection$Views views -> b
    34:35:void <init>() -> <init>
    40:56:void onCreate(android.os.Bundle) -> onCreate
    63:88:void uhfModelChoiced(com.senter.support.openapi.StUhf$InterrogatorModel) -> a
    91:119:void startFunctionSelectionActivity(com.senter.support.openapi.StUhf$InterrogatorModel) -> b
com.senter.demo.uhf.Activity0ModuleSelection$1 -> com.senter.demo.uhf.Activity0ModuleSelection$1:
    int[] $SwitchMap$com$senter$support$openapi$StUhf$InterrogatorModel -> a
    91:91:void <clinit>() -> <clinit>
com.senter.demo.uhf.Activity0ModuleSelection$Views -> com.senter.demo.uhf.Activity0ModuleSelection$a:
    android.widget.CheckBox cbRememberChoice -> a
    android.widget.Button btnModuleA -> b
    android.widget.Button btnModuleB -> c
    android.widget.Button btnModuleC -> d
    android.widget.Button btnModuleD1 -> e
    android.widget.Button btnModuleD2 -> f
    android.widget.Button btnModuleF -> g
    android.widget.Button btnModuleAutoDetect -> h
    com.senter.demo.uhf.Activity0ModuleSelection this$0 -> i
    123:161:void <init>(com.senter.demo.uhf.Activity0ModuleSelection) -> <init>
    123:123:void <init>(com.senter.demo.uhf.Activity0ModuleSelection,com.senter.demo.uhf.Activity0ModuleSelection$1) -> <init>
com.senter.demo.uhf.Activity0ModuleSelection$Views$1 -> com.senter.demo.uhf.Activity0ModuleSelection$a$1:
    com.senter.demo.uhf.Activity0ModuleSelection$Views this$1 -> a
    125:125:void <init>(com.senter.demo.uhf.Activity0ModuleSelection$Views) -> <init>
    128:129:void onClick(android.view.View) -> onClick
com.senter.demo.uhf.Activity0ModuleSelection$Views$2 -> com.senter.demo.uhf.Activity0ModuleSelection$a$2:
    com.senter.demo.uhf.Activity0ModuleSelection$Views this$1 -> a
    131:131:void <init>(com.senter.demo.uhf.Activity0ModuleSelection$Views) -> <init>
    134:135:void onClick(android.view.View) -> onClick
com.senter.demo.uhf.Activity0ModuleSelection$Views$3 -> com.senter.demo.uhf.Activity0ModuleSelection$a$3:
    com.senter.demo.uhf.Activity0ModuleSelection$Views this$1 -> a
    137:137:void <init>(com.senter.demo.uhf.Activity0ModuleSelection$Views) -> <init>
    140:141:void onClick(android.view.View) -> onClick
com.senter.demo.uhf.Activity0ModuleSelection$Views$4 -> com.senter.demo.uhf.Activity0ModuleSelection$a$4:
    com.senter.demo.uhf.Activity0ModuleSelection$Views this$1 -> a
    143:143:void <init>(com.senter.demo.uhf.Activity0ModuleSelection$Views) -> <init>
    146:147:void onClick(android.view.View) -> onClick
com.senter.demo.uhf.Activity0ModuleSelection$Views$5 -> com.senter.demo.uhf.Activity0ModuleSelection$a$5:
    com.senter.demo.uhf.Activity0ModuleSelection$Views this$1 -> a
    149:149:void <init>(com.senter.demo.uhf.Activity0ModuleSelection$Views) -> <init>
    152:153:void onClick(android.view.View) -> onClick
com.senter.demo.uhf.Activity0ModuleSelection$Views$6 -> com.senter.demo.uhf.Activity0ModuleSelection$a$6:
    com.senter.demo.uhf.Activity0ModuleSelection$Views this$1 -> a
    155:155:void <init>(com.senter.demo.uhf.Activity0ModuleSelection$Views) -> <init>
    158:159:void onClick(android.view.View) -> onClick
com.senter.demo.uhf.Activity0ModuleSelection$Views$7 -> com.senter.demo.uhf.Activity0ModuleSelection$a$7:
    com.senter.demo.uhf.Activity0ModuleSelection$Views this$1 -> a
    161:161:void <init>(com.senter.demo.uhf.Activity0ModuleSelection$Views) -> <init>
    164:165:void onClick(android.view.View) -> onClick
...
com.google.common.collect.ObjectArrays -> com.a.a.d.ey:
    java.lang.Object[] EMPTY_ARRAY -> a
    39:39:void <init>() -> <init>
    50:50:java.lang.Object[] newArray(java.lang.Class,int) -> a
    61:61:java.lang.Object[] newArray(java.lang.Object[],int) -> a
    73:76:java.lang.Object[] concat(java.lang.Object[],java.lang.Object[],java.lang.Class) -> a
    89:92:java.lang.Object[] concat(java.lang.Object,java.lang.Object[]) -> a
    105:107:java.lang.Object[] concat(java.lang.Object[],java.lang.Object) -> a
    112:115:java.lang.Object[] arraysCopyOf(java.lang.Object[],int) -> b
    143:151:java.lang.Object[] toArrayImpl(java.util.Collection,java.lang.Object[]) -> a
    166:173:java.lang.Object[] toArrayImpl(java.lang.Object[],int,int,java.lang.Object[]) -> a
    191:191:java.lang.Object[] toArrayImpl(java.util.Collection) -> a
    199:205:java.lang.Object[] copyAsObjectArray(java.lang.Object[],int,int) -> a
    209:213:java.lang.Object[] fillArray(java.lang.Iterable,java.lang.Object[]) -> a
    220:223:void swap(java.lang.Object[],int,int) -> b
    226:226:java.lang.Object[] checkElementsNotNull(java.lang.Object[]) -> a
    230:233:java.lang.Object[] checkElementsNotNull(java.lang.Object[],int) -> c
    239:242:java.lang.Object checkElementNotNull(java.lang.Object,int) -> a
    37:37:void <clinit>() -> <clinit>
com.google.common.collect.Ordering -> com.a.a.d.ez:
    int LEFT_IS_GREATER -> c
    int RIGHT_IS_GREATER -> d
    106:106:com.google.common.collect.Ordering natural() -> d
    123:123:com.google.common.collect.Ordering from(java.util.Comparator) -> a
    135:135:com.google.common.collect.Ordering from(com.google.common.collect.Ordering) -> a
    161:161:com.google.common.collect.Ordering explicit(java.util.List) -> a
    190:190:com.google.common.collect.Ordering explicit(java.lang.Object,java.lang.Object[]) -> a
    222:222:com.google.common.collect.Ordering allEqual() -> e
    234:234:com.google.common.collect.Ordering usingToString() -> f
    254:254:com.google.common.collect.Ordering arbitrary() -> g
    318:318:void <init>() -> <init>
    330:330:com.google.common.collect.Ordering reverse() -> a
    341:341:com.google.common.collect.Ordering nullsFirst() -> b
    352:352:com.google.common.collect.Ordering nullsLast() -> c
    366:366:com.google.common.collect.Ordering onResultOf(com.google.common.base.Function) -> a
    370:370:com.google.common.collect.Ordering onKeys() -> h
    387:387:com.google.common.collect.Ordering compound(java.util.Comparator) -> b
    408:408:com.google.common.collect.Ordering compound(java.lang.Iterable) -> c
    437:437:com.google.common.collect.Ordering lexicographical() -> i
    int compare(java.lang.Object,java.lang.Object) -> compare
    460:466:java.lang.Object min(java.util.Iterator) -> a
com.google.common.collect.Ordering$ArbitraryOrdering -> com.a.a.d.ez$a:
    java.util.Map uids -> a
    261:262:void <init>() -> <init>
    274:292:int compare(java.lang.Object,java.lang.Object) -> compare
    296:296:java.lang.String toString() -> toString
    308:308:int identityHashCode(java.lang.Object) -> a
com.google.common.collect.Ordering$ArbitraryOrdering$1 -> com.a.a.d.ez$a$1:
    java.util.concurrent.atomic.AtomicInteger counter -> a
    com.google.common.collect.Ordering$ArbitraryOrdering this$0 -> b
    265:266:void <init>(com.google.common.collect.Ordering$ArbitraryOrdering) -> <init>
    269:269:java.lang.Integer apply(java.lang.Object) -> b
    265:265:java.lang.Object apply(java.lang.Object) -> a
com.google.common.collect.Ordering$ArbitraryOrderingHolder -> com.a.a.d.ez$b:
    com.google.common.collect.Ordering ARBITRARY_ORDERING -> a
    257:257:void <init>() -> <init>
    258:258:void <clinit>() -> <clinit>
com.google.common.collect.Ordering$IncomparableValueException -> com.a.a.d.ez$c:
    java.lang.Object value -> a
    long serialVersionUID -> b
    905:907:void <init>(java.lang.Object) -> <init>